<?xml version="1.0" encoding="UTF-8"?>
<!-- Generated by org.testng.reporters.JUnitXMLReporter -->
<testsuite ignored="0" hostname="Naveen" failures="1" tests="1" name="Error Validation on Login page" time="6.158" errors="0" timestamp="2024-01-15T01:02:22 IST">
  <testcase classname="FrameWork.tests.ErrorValidation" name="loginError" time="0.406">
    <failure type="java.lang.AssertionError" message="expected [Incorrect email or password.] but found [Incorrectt email or password.]">
      <![CDATA[java.lang.AssertionError: expected [Incorrect email or password.] but found [Incorrectt email or password.]
at FrameWork.tests.ErrorValidation.loginError(ErrorValidation.java:13)
at java.base/java.util.ArrayList.forEach(ArrayList.java:1511)
at java.base/java.util.concurrent.FutureTask.run(FutureTask.java:264)
at java.base/java.util.concurrent.ThreadPoolExecutor.runWorker(ThreadPoolExecutor.java:1136)
at java.base/java.util.concurrent.ThreadPoolExecutor$Worker.run(ThreadPoolExecutor.java:635)
at java.base/java.lang.Thread.run(Thread.java:842)
... Removed 24 stack frames]]>
    </failure>
  </testcase> <!-- loginError -->
</testsuite> <!-- Error Validation on Login page -->
