<?xml version="1.0" encoding="UTF-8"?>
<testng-results ignored="0" total="1" passed="1" failed="0" skipped="0">
  <reporter-output>
  </reporter-output>
  <suite started-at="2023-12-20T00:56:28 IST" name="Default suite" finished-at="2023-12-20T00:56:28 IST" duration-ms="67">
    <groups>
    </groups>
    <test started-at="2023-12-20T00:56:28 IST" name="Default test" finished-at="2023-12-20T00:56:28 IST" duration-ms="67">
      <class name="FrameWork.TestNG1.AppTest">
        <test-method signature="shouldAnswerWithTrue()[pri:0, instance:FrameWork.TestNG1.AppTest@71238fc2]" started-at="2023-12-20T00:56:28 IST" name="shouldAnswerWithTrue" finished-at="2023-12-20T00:56:28 IST" duration-ms="10" status="PASS">
          <reporter-output>
          </reporter-output>
        </test-method> <!-- shouldAnswerWithTrue -->
      </class> <!-- FrameWork.TestNG1.AppTest -->
    </test> <!-- Default test -->
  </suite> <!-- Default suite -->
</testng-results>
